2024.04.18 22:03:19 INFO  Started: Metals version 1.3.0 in folders '/home/mplaczek/Documents/Classes/CSC447/Scala/scala-hw' for client Neovim 0.9.5.[0m
SLF4J: Class path contains multiple SLF4J providers.
SLF4J: Found provider [scribe.slf4j.ScribeServiceProvider@289a08e0]
SLF4J: Found provider [ch.qos.logback.classic.spi.LogbackServiceProvider@472662c8]
SLF4J: See https://www.slf4j.org/codes.html#multiple_bindings for an explanation.
SLF4J: Actual provider is of type [scribe.slf4j.ScribeServiceProvider@289a08e0]
2024.04.18 22:03:19 WARN  Flyway upgrade recommended: H2 2.2.224 is newer than this version of Flyway and support has not been tested. The latest supported version of H2 is 2.2.220.[0m
2024.04.18 22:03:22 INFO  no build target found for /home/mplaczek/Documents/Classes/CSC447/Scala/scala-hw/src/main/scala/fp1.scala. Using presentation compiler with project's scala-library version: 3.3.3[0m
2024.04.18 22:03:27 INFO  running '/home/mplaczek/.local/share/coursier/bin/sbt -Dbloop.export-jar-classifiers=sources bloopInstall'[0m
2024.04.18 22:03:27 INFO  [info] welcome to sbt 1.9.9 (N/A Java 17.0.11)[0m
2024.04.18 22:03:29 INFO  [info] loading settings for project scala-hw-build-build from metals.sbt ...[0m
2024.04.18 22:03:29 INFO  [info] loading project definition from /home/mplaczek/Documents/Classes/CSC447/Scala/scala-hw/project/project[0m
2024.04.18 22:03:30 INFO  [info] loading settings for project scala-hw-build from metals.sbt ...[0m
2024.04.18 22:03:30 INFO  [info] loading project definition from /home/mplaczek/Documents/Classes/CSC447/Scala/scala-hw/project[0m
2024.04.18 22:03:31 INFO  [success] Generated .bloop/scala-hw-build.json[0m
2024.04.18 22:03:31 INFO  [success] Total time: 1 s, completed Apr 18, 2024, 10:03:31 PM[0m
2024.04.18 22:03:31 INFO  [info] loading settings for project scala-hw from build.sbt ...[0m
2024.04.18 22:03:31 INFO  [info] set current project to CSC447 (in build file:/home/mplaczek/Documents/Classes/CSC447/Scala/scala-hw/)[0m
2024.04.18 22:03:34 INFO  [success] Generated .bloop/scala-hw.json[0m
2024.04.18 22:03:34 INFO  [success] Generated .bloop/scala-hw-test.json[0m
2024.04.18 22:03:34 INFO  [success] Total time: 2 s, completed Apr 18, 2024, 10:03:34 PM[0m
2024.04.18 22:03:35 INFO  time: ran 'sbt bloopInstall' in 7.88s[0m
2024.04.18 22:03:35 INFO  Attempting to connect to the build server...[0m
2024.04.18 22:03:35 INFO  Setting up current java home /usr/lib/jvm/java-17-openjdk in /home/mplaczek/.bloop/bloop.json[0m
2024.04.18 22:03:47 INFO  tracing is disabled for protocol BSP, to enable tracing of incoming and outgoing JSON messages create an empty file at /home/mplaczek/Documents/Classes/CSC447/Scala/scala-hw/.metals/bsp.trace.json or /home/mplaczek/.cache/metals/bsp.trace.json[0m
2024.04.18 22:03:47 INFO  Attempting to connect to the build server...[0m
2024.04.18 22:03:47 INFO  tracing is disabled for protocol BSP, to enable tracing of incoming and outgoing JSON messages create an empty file at /home/mplaczek/Documents/Classes/CSC447/Scala/scala-hw/project/.metals/bsp.trace.json or /home/mplaczek/.cache/metals/bsp.trace.json[0m
2024.04.18 22:03:50 INFO  time: Connected to build server in 15s[0m
2024.04.18 22:03:50 INFO  Connected to Build server: Bloop v1.5.17[0m
2024.04.18 22:03:56 WARN  Could not find java sources in /usr/lib/jvm/src.zip, /usr/lib/jvm/lib/src.zip, /usr/lib/jvm/java-17-openjdk/src.zip, /usr/lib/jvm/java-17-openjdk/lib/src.zip. Java symbols will not be available.[0m
2024.04.18 22:03:56 ERROR error processing file:///home/mplaczek/.cache/coursier/v1/https/repo1.maven.org/maven2/org/scalatest/scalatest-core_3/3.2.16/scalatest-core_3-3.2.16-sources.jar
org.h2.jdbc.JdbcBatchUpdateException: Unique index or primary key violation: "PUBLIC.PRIMARY_KEY_3 ON PUBLIC.TOPLEVEL_SYMBOL(JAR, PATH, SYMBOL) VALUES ( /* key:2906 */ 3, '/org/scalatest/enablers/TableAsserting.scala', 'org/scalatest/enablers/ForResult#')"; SQL statement:
insert into toplevel_symbol (symbol, path, jar) values (?, ?, ?) [23505-224]
	at org.h2.jdbc.JdbcPreparedStatement.executeBatch(JdbcPreparedStatement.java:1282)
	at scala.meta.internal.metals.JarTopLevels.putToplevels(JarTopLevels.scala:177)
	at scala.meta.internal.metals.JarTopLevels.putJarIndexingInfo(JarTopLevels.scala:128)
	at scala.meta.internal.metals.Indexer.addSourceJarSymbols(Indexer.scala:657)
	at scala.meta.internal.metals.Indexer.$anonfun$indexDependencySources$5(Indexer.scala:487)
	at scala.collection.IterableOnceOps.foreach(IterableOnce.scala:619)
	at scala.collection.IterableOnceOps.foreach$(IterableOnce.scala:617)
	at scala.collection.AbstractIterable.foreach(Iterable.scala:935)
	at scala.collection.IterableOps$WithFilter.foreach(Iterable.scala:905)
	at scala.meta.internal.metals.Indexer.$anonfun$indexDependencySources$1(Indexer.scala:478)
	at scala.meta.internal.metals.Indexer.$anonfun$indexDependencySources$1$adapted(Indexer.scala:477)
	at scala.collection.IterableOnceOps.foreach(IterableOnce.scala:619)
	at scala.collection.IterableOnceOps.foreach$(IterableOnce.scala:617)
	at scala.collection.AbstractIterable.foreach(Iterable.scala:935)
	at scala.meta.internal.metals.Indexer.indexDependencySources(Indexer.scala:477)
	at scala.meta.internal.metals.Indexer.$anonfun$indexWorkspace$24(Indexer.scala:396)
	at scala.runtime.java8.JFunction0$mcV$sp.apply(JFunction0$mcV$sp.scala:18)
	at scala.meta.internal.metals.TimerProvider.timedThunk(TimerProvider.scala:25)
	at scala.meta.internal.metals.Indexer.$anonfun$indexWorkspace$23(Indexer.scala:389)
	at scala.meta.internal.metals.Indexer.$anonfun$indexWorkspace$23$adapted(Indexer.scala:385)
	at scala.collection.immutable.List.foreach(List.scala:334)
	at scala.meta.internal.metals.Indexer.indexWorkspace(Indexer.scala:385)
	at scala.meta.internal.metals.Indexer.$anonfun$profiledIndexWorkspace$2(Indexer.scala:172)
	at scala.runtime.java8.JFunction0$mcV$sp.apply(JFunction0$mcV$sp.scala:18)
	at scala.meta.internal.metals.TimerProvider.timedThunk(TimerProvider.scala:25)
	at scala.meta.internal.metals.Indexer.$anonfun$profiledIndexWorkspace$1(Indexer.scala:172)
	at scala.runtime.java8.JFunction0$mcV$sp.apply(JFunction0$mcV$sp.scala:18)
	at scala.concurrent.Future$.$anonfun$apply$1(Future.scala:687)
	at scala.concurrent.impl.Promise$Transformation.run(Promise.scala:467)
	at java.util.concurrent.ThreadPoolExecutor.runWorker(ThreadPoolExecutor.java:1136)
	at java.util.concurrent.ThreadPoolExecutor$Worker.run(ThreadPoolExecutor.java:635)
	at java.lang.Thread.run(Thread.java:840)
[0m
2024.04.18 22:03:58 WARN  Could not find java sources in /usr/lib/jvm/src.zip, /usr/lib/jvm/lib/src.zip, /usr/lib/jvm/java-17-openjdk/src.zip, /usr/lib/jvm/java-17-openjdk/lib/src.zip. Java symbols will not be available.[0m
2024.04.18 22:03:58 WARN  Could not find java sources in /usr/lib/jvm/src.zip, /usr/lib/jvm/lib/src.zip, /usr/lib/jvm/java-17-openjdk/src.zip, /usr/lib/jvm/java-17-openjdk/lib/src.zip. Java symbols will not be available.[0m
2024.04.18 22:03:58 INFO  time: indexed workspace in 8.59s[0m
2024.04.18 22:03:59 INFO  compiling scala-hw (5 scala sources)[0m
2024.04.18 22:04:01 INFO  compiling scala-hw-test (6 scala sources)[0m
2024.04.18 22:04:01 INFO  time: compiled scala-hw in 2.59s[0m
2024.04.18 22:04:04 INFO  time: compiled scala-hw-test in 3.25s[0m
2024.04.18 22:04:33 INFO  Shutting down server[0m
2024.04.18 22:04:33 INFO  shutting down Metals[0m
2024.04.18 22:04:33 INFO  Shut down connection with build server.[0m
2024.04.18 22:04:33 INFO  Shut down connection with build server.[0m
2024.04.18 22:04:33 INFO  Exiting server[0m
2024.04.18 22:05:07 INFO  Started: Metals version 1.3.0 in folders '/home/mplaczek/Documents/Classes/CSC447/Scala/scala-hw' for client Neovim 0.9.5.[0m
SLF4J: Class path contains multiple SLF4J providers.
SLF4J: Found provider [scribe.slf4j.ScribeServiceProvider@6c1d07f1]
SLF4J: Found provider [ch.qos.logback.classic.spi.LogbackServiceProvider@6586359]
SLF4J: See https://www.slf4j.org/codes.html#multiple_bindings for an explanation.
SLF4J: Actual provider is of type [scribe.slf4j.ScribeServiceProvider@6c1d07f1]
2024.04.18 22:05:07 WARN  Flyway upgrade recommended: H2 2.2.224 is newer than this version of Flyway and support has not been tested. The latest supported version of H2 is 2.2.220.[0m
2024.04.18 22:05:08 INFO  Attempting to connect to the build server...[0m
2024.04.18 22:05:08 INFO  tracing is disabled for protocol BSP, to enable tracing of incoming and outgoing JSON messages create an empty file at /home/mplaczek/Documents/Classes/CSC447/Scala/scala-hw/.metals/bsp.trace.json or /home/mplaczek/.cache/metals/bsp.trace.json[0m
2024.04.18 22:05:08 INFO  Attempting to connect to the build server...[0m
2024.04.18 22:05:08 INFO  tracing is disabled for protocol BSP, to enable tracing of incoming and outgoing JSON messages create an empty file at /home/mplaczek/Documents/Classes/CSC447/Scala/scala-hw/project/.metals/bsp.trace.json or /home/mplaczek/.cache/metals/bsp.trace.json[0m
2024.04.18 22:05:08 INFO  time: Connected to build server in 0.24s[0m
2024.04.18 22:05:08 INFO  Connected to Build server: Bloop v1.5.17[0m
2024.04.18 22:05:09 INFO  no build target found for /home/mplaczek/Documents/Classes/CSC447/Scala/scala-hw/src/main/scala/fp1.scala. Using presentation compiler with project's scala-library version: 3.3.3[0m
2024.04.18 22:05:11 WARN  Could not find java sources in /usr/lib/jvm/src.zip, /usr/lib/jvm/lib/src.zip, /usr/lib/jvm/java-17-openjdk/src.zip, /usr/lib/jvm/java-17-openjdk/lib/src.zip. Java symbols will not be available.[0m
2024.04.18 22:05:11 WARN  Could not find java sources in /usr/lib/jvm/src.zip, /usr/lib/jvm/lib/src.zip, /usr/lib/jvm/java-17-openjdk/src.zip, /usr/lib/jvm/java-17-openjdk/lib/src.zip. Java symbols will not be available.[0m
2024.04.18 22:05:11 WARN  Could not find java sources in /usr/lib/jvm/src.zip, /usr/lib/jvm/lib/src.zip, /usr/lib/jvm/java-17-openjdk/src.zip, /usr/lib/jvm/java-17-openjdk/lib/src.zip. Java symbols will not be available.[0m
2024.04.18 22:05:11 INFO  time: indexed workspace in 1.79s[0m
2024.04.18 22:05:11 INFO  compiling scala-hw (5 scala sources)[0m
2024.04.18 22:05:13 INFO  time: compiled scala-hw in 1.34s[0m
2024.04.18 22:05:13 INFO  compiling scala-hw-test (6 scala sources)[0m
2024.04.18 22:05:14 INFO  time: compiled scala-hw-test in 1.1s[0m
Apr 18, 2024 10:05:14 PM org.eclipse.lsp4j.jsonrpc.RemoteEndpoint handleCancellation
WARNING: Unmatched cancel notification for request id 2
Downloading https://repo1.maven.org/maven2/org/scala-lang/scala-reflect/2.13.11/scala-reflect-2.13.11.pom
Downloading https://repo1.maven.org/maven2/org/scalameta/scalafmt-core_2.13/3.7.15/scalafmt-core_2.13-3.7.15.pom
Downloaded https://repo1.maven.org/maven2/org/scalameta/scalafmt-core_2.13/3.7.15/scalafmt-core_2.13-3.7.15.pom
Downloaded https://repo1.maven.org/maven2/org/scala-lang/scala-reflect/2.13.11/scala-reflect-2.13.11.pom
Downloading https://repo1.maven.org/maven2/org/scala-lang/scala-library/2.13.11/scala-library-2.13.11.pom
Downloading https://repo1.maven.org/maven2/org/scalameta/scalameta_2.13/4.8.12/scalameta_2.13-4.8.12.pom
Downloading https://repo1.maven.org/maven2/org/scalameta/scalafmt-config_2.13/3.7.15/scalafmt-config_2.13-3.7.15.pom
Downloading https://repo1.maven.org/maven2/org/scalameta/scalafmt-sysops_2.13/3.7.15/scalafmt-sysops_2.13-3.7.15.pom
Downloaded https://repo1.maven.org/maven2/org/scala-lang/scala-library/2.13.11/scala-library-2.13.11.pom
Downloaded https://repo1.maven.org/maven2/org/scalameta/scalafmt-sysops_2.13/3.7.15/scalafmt-sysops_2.13-3.7.15.pom
Downloaded https://repo1.maven.org/maven2/org/scalameta/scalafmt-config_2.13/3.7.15/scalafmt-config_2.13-3.7.15.pom
Downloaded https://repo1.maven.org/maven2/org/scalameta/scalameta_2.13/4.8.12/scalameta_2.13-4.8.12.pom
Downloading https://repo1.maven.org/maven2/org/scalameta/parsers_2.13/4.8.12/parsers_2.13-4.8.12.pom
Downloading https://repo1.maven.org/maven2/org/scala-lang/scalap/2.13.12/scalap-2.13.12.pom
Downloaded https://repo1.maven.org/maven2/org/scalameta/parsers_2.13/4.8.12/parsers_2.13-4.8.12.pom
Downloaded https://repo1.maven.org/maven2/org/scala-lang/scalap/2.13.12/scalap-2.13.12.pom
Downloading https://repo1.maven.org/maven2/org/scalameta/trees_2.13/4.8.12/trees_2.13-4.8.12.pom
Downloading https://repo1.maven.org/maven2/org/scala-lang/scala-compiler/2.13.12/scala-compiler-2.13.12.pom
Downloaded https://repo1.maven.org/maven2/org/scala-lang/scala-compiler/2.13.12/scala-compiler-2.13.12.pom
Downloaded https://repo1.maven.org/maven2/org/scalameta/trees_2.13/4.8.12/trees_2.13-4.8.12.pom
Downloading https://repo1.maven.org/maven2/org/jline/jline/3.22.0/jline-3.22.0.pom
Downloading https://repo1.maven.org/maven2/org/scalameta/common_2.13/4.8.12/common_2.13-4.8.12.pom
Downloading https://repo1.maven.org/maven2/org/scala-lang/scala-reflect/2.13.12/scala-reflect-2.13.12.pom
Downloaded https://repo1.maven.org/maven2/org/scala-lang/scala-reflect/2.13.12/scala-reflect-2.13.12.pom
Downloaded https://repo1.maven.org/maven2/org/scalameta/common_2.13/4.8.12/common_2.13-4.8.12.pom
Downloaded https://repo1.maven.org/maven2/org/jline/jline/3.22.0/jline-3.22.0.pom
Downloading https://repo1.maven.org/maven2/org/jline/jline-parent/3.22.0/jline-parent-3.22.0.pom
Downloaded https://repo1.maven.org/maven2/org/jline/jline-parent/3.22.0/jline-parent-3.22.0.pom
Downloading https://repo1.maven.org/maven2/org/scalameta/scalafmt-core_2.13/3.7.15/scalafmt-core_2.13-3.7.15.jar
Downloading https://repo1.maven.org/maven2/org/scalameta/scalafmt-sysops_2.13/3.7.15/scalafmt-sysops_2.13-3.7.15.jar
Downloading https://repo1.maven.org/maven2/org/scalameta/trees_2.13/4.8.12/trees_2.13-4.8.12.jar
Downloading https://repo1.maven.org/maven2/org/scalameta/common_2.13/4.8.12/common_2.13-4.8.12.jar
Downloading https://repo1.maven.org/maven2/org/scala-lang/scala-reflect/2.13.12/scala-reflect-2.13.12.jar
Downloading https://repo1.maven.org/maven2/org/scala-lang/scalap/2.13.12/scalap-2.13.12.jar
Downloaded https://repo1.maven.org/maven2/org/scalameta/scalafmt-sysops_2.13/3.7.15/scalafmt-sysops_2.13-3.7.15.jar
Downloading https://repo1.maven.org/maven2/org/scalameta/scalafmt-config_2.13/3.7.15/scalafmt-config_2.13-3.7.15.jar
Downloaded https://repo1.maven.org/maven2/org/scalameta/scalafmt-config_2.13/3.7.15/scalafmt-config_2.13-3.7.15.jar
Downloading https://repo1.maven.org/maven2/org/scalameta/scalameta_2.13/4.8.12/scalameta_2.13-4.8.12.jar
Downloaded https://repo1.maven.org/maven2/org/scala-lang/scalap/2.13.12/scalap-2.13.12.jar
Downloading https://repo1.maven.org/maven2/org/scala-lang/scala-compiler/2.13.12/scala-compiler-2.13.12.jar
Downloaded https://repo1.maven.org/maven2/org/scalameta/scalafmt-core_2.13/3.7.15/scalafmt-core_2.13-3.7.15.jar
Downloading https://repo1.maven.org/maven2/org/scalameta/parsers_2.13/4.8.12/parsers_2.13-4.8.12.jar
Downloaded https://repo1.maven.org/maven2/org/scalameta/scalameta_2.13/4.8.12/scalameta_2.13-4.8.12.jar
Downloading https://repo1.maven.org/maven2/org/jline/jline/3.22.0/jline-3.22.0.jar
Downloaded https://repo1.maven.org/maven2/org/scalameta/parsers_2.13/4.8.12/parsers_2.13-4.8.12.jar
Downloaded https://repo1.maven.org/maven2/org/jline/jline/3.22.0/jline-3.22.0.jar
Downloaded https://repo1.maven.org/maven2/org/scalameta/common_2.13/4.8.12/common_2.13-4.8.12.jar
Downloaded https://repo1.maven.org/maven2/org/scala-lang/scala-reflect/2.13.12/scala-reflect-2.13.12.jar
Downloaded https://repo1.maven.org/maven2/org/scala-lang/scala-compiler/2.13.12/scala-compiler-2.13.12.jar
Downloaded https://repo1.maven.org/maven2/org/scalameta/trees_2.13/4.8.12/trees_2.13-4.8.12.jar
2024.04.18 22:28:45 INFO  Shutting down server[0m
2024.04.18 22:28:45 INFO  shutting down Metals[0m
2024.04.18 22:28:45 INFO  Shut down connection with build server.[0m
2024.04.18 22:28:45 INFO  Shut down connection with build server.[0m
2024.04.18 22:28:45 INFO  Exiting server[0m
2024.04.18 23:33:38 INFO  Started: Metals version 1.3.0 in folders '/home/mplaczek/Documents/Classes/CSC447/Scala/scala-hw' for client Neovim 0.9.5.[0m
SLF4J: Class path contains multiple SLF4J providers.
SLF4J: Found provider [scribe.slf4j.ScribeServiceProvider@6df74acd]
SLF4J: Found provider [ch.qos.logback.classic.spi.LogbackServiceProvider@c09124f]
SLF4J: See https://www.slf4j.org/codes.html#multiple_bindings for an explanation.
SLF4J: Actual provider is of type [scribe.slf4j.ScribeServiceProvider@6df74acd]
2024.04.18 23:33:38 WARN  Flyway upgrade recommended: H2 2.2.224 is newer than this version of Flyway and support has not been tested. The latest supported version of H2 is 2.2.220.[0m
2024.04.18 23:33:39 INFO  Attempting to connect to the build server...[0m
2024.04.18 23:33:39 INFO  tracing is disabled for protocol BSP, to enable tracing of incoming and outgoing JSON messages create an empty file at /home/mplaczek/Documents/Classes/CSC447/Scala/scala-hw/.metals/bsp.trace.json or /home/mplaczek/.cache/metals/bsp.trace.json[0m
2024.04.18 23:33:39 INFO  Attempting to connect to the build server...[0m
2024.04.18 23:33:39 INFO  tracing is disabled for protocol BSP, to enable tracing of incoming and outgoing JSON messages create an empty file at /home/mplaczek/Documents/Classes/CSC447/Scala/scala-hw/project/.metals/bsp.trace.json or /home/mplaczek/.cache/metals/bsp.trace.json[0m
2024.04.18 23:33:39 INFO  time: Connected to build server in 0.23s[0m
2024.04.18 23:33:39 INFO  Connected to Build server: Bloop v1.5.17[0m
2024.04.18 23:33:40 INFO  no build target found for /home/mplaczek/Documents/Classes/CSC447/Scala/scala-hw/src/main/scala/fp1.scala. Using presentation compiler with project's scala-library version: 3.3.3[0m
2024.04.18 23:33:41 WARN  Could not find java sources in /usr/lib/jvm/src.zip, /usr/lib/jvm/lib/src.zip, /usr/lib/jvm/java-17-openjdk/src.zip, /usr/lib/jvm/java-17-openjdk/lib/src.zip. Java symbols will not be available.[0m
2024.04.18 23:33:41 WARN  Could not find java sources in /usr/lib/jvm/src.zip, /usr/lib/jvm/lib/src.zip, /usr/lib/jvm/java-17-openjdk/src.zip, /usr/lib/jvm/java-17-openjdk/lib/src.zip. Java symbols will not be available.[0m
2024.04.18 23:33:41 WARN  Could not find java sources in /usr/lib/jvm/src.zip, /usr/lib/jvm/lib/src.zip, /usr/lib/jvm/java-17-openjdk/src.zip, /usr/lib/jvm/java-17-openjdk/lib/src.zip. Java symbols will not be available.[0m
2024.04.18 23:33:41 INFO  time: indexed workspace in 1.66s[0m
Apr 18, 2024 11:33:42 PM org.eclipse.lsp4j.jsonrpc.RemoteEndpoint handleCancellation
WARNING: Unmatched cancel notification for request id 2
2024.04.18 23:39:27 INFO  Shutting down server[0m
2024.04.18 23:39:27 INFO  shutting down Metals[0m
2024.04.18 23:39:27 INFO  Shut down connection with build server.[0m
2024.04.18 23:39:27 INFO  Shut down connection with build server.[0m
2024.04.18 23:39:27 INFO  Exiting server[0m
2024.04.18 23:39:33 INFO  Started: Metals version 1.3.0 in folders '/home/mplaczek/Documents/Classes/CSC447/Scala/scala-hw' for client Neovim 0.9.5.[0m
SLF4J: Class path contains multiple SLF4J providers.
SLF4J: Found provider [scribe.slf4j.ScribeServiceProvider@61676415]
SLF4J: Found provider [ch.qos.logback.classic.spi.LogbackServiceProvider@8e39542]
SLF4J: See https://www.slf4j.org/codes.html#multiple_bindings for an explanation.
SLF4J: Actual provider is of type [scribe.slf4j.ScribeServiceProvider@61676415]
2024.04.18 23:39:33 WARN  Flyway upgrade recommended: H2 2.2.224 is newer than this version of Flyway and support has not been tested. The latest supported version of H2 is 2.2.220.[0m
2024.04.18 23:39:34 INFO  Attempting to connect to the build server...[0m
2024.04.18 23:39:34 INFO  tracing is disabled for protocol BSP, to enable tracing of incoming and outgoing JSON messages create an empty file at /home/mplaczek/Documents/Classes/CSC447/Scala/scala-hw/.metals/bsp.trace.json or /home/mplaczek/.cache/metals/bsp.trace.json[0m
2024.04.18 23:39:34 INFO  Attempting to connect to the build server...[0m
2024.04.18 23:39:34 INFO  tracing is disabled for protocol BSP, to enable tracing of incoming and outgoing JSON messages create an empty file at /home/mplaczek/Documents/Classes/CSC447/Scala/scala-hw/project/.metals/bsp.trace.json or /home/mplaczek/.cache/metals/bsp.trace.json[0m
2024.04.18 23:39:34 INFO  time: Connected to build server in 0.23s[0m
2024.04.18 23:39:34 INFO  Connected to Build server: Bloop v1.5.17[0m
2024.04.18 23:39:35 INFO  no build target found for /home/mplaczek/Documents/Classes/CSC447/Scala/scala-hw/src/main/scala/fp1.scala. Using presentation compiler with project's scala-library version: 3.3.3[0m
2024.04.18 23:39:37 WARN  Could not find java sources in /usr/lib/jvm/src.zip, /usr/lib/jvm/lib/src.zip, /usr/lib/jvm/java-17-openjdk/src.zip, /usr/lib/jvm/java-17-openjdk/lib/src.zip. Java symbols will not be available.[0m
2024.04.18 23:39:37 WARN  Could not find java sources in /usr/lib/jvm/src.zip, /usr/lib/jvm/lib/src.zip, /usr/lib/jvm/java-17-openjdk/src.zip, /usr/lib/jvm/java-17-openjdk/lib/src.zip. Java symbols will not be available.[0m
2024.04.18 23:39:37 WARN  Could not find java sources in /usr/lib/jvm/src.zip, /usr/lib/jvm/lib/src.zip, /usr/lib/jvm/java-17-openjdk/src.zip, /usr/lib/jvm/java-17-openjdk/lib/src.zip. Java symbols will not be available.[0m
2024.04.18 23:39:37 INFO  time: indexed workspace in 1.77s[0m
Apr 18, 2024 11:39:37 PM org.eclipse.lsp4j.jsonrpc.RemoteEndpoint handleCancellation
WARNING: Unmatched cancel notification for request id 2
2024.04.18 23:46:33 INFO  Shutting down server[0m
2024.04.18 23:46:33 INFO  shutting down Metals[0m
2024.04.18 23:46:33 INFO  Shut down connection with build server.[0m
2024.04.18 23:46:33 INFO  Shut down connection with build server.[0m
2024.04.18 23:46:33 INFO  Exiting server[0m
2024.04.18 23:46:40 INFO  Started: Metals version 1.3.0 in folders '/home/mplaczek/Documents/Classes/CSC447/Scala/scala-hw' for client Neovim 0.9.5.[0m
SLF4J: Class path contains multiple SLF4J providers.
SLF4J: Found provider [scribe.slf4j.ScribeServiceProvider@346ac380]
SLF4J: Found provider [ch.qos.logback.classic.spi.LogbackServiceProvider@4bbf9584]
SLF4J: See https://www.slf4j.org/codes.html#multiple_bindings for an explanation.
SLF4J: Actual provider is of type [scribe.slf4j.ScribeServiceProvider@346ac380]
2024.04.18 23:46:40 WARN  Flyway upgrade recommended: H2 2.2.224 is newer than this version of Flyway and support has not been tested. The latest supported version of H2 is 2.2.220.[0m
2024.04.18 23:46:41 INFO  Attempting to connect to the build server...[0m
2024.04.18 23:46:41 INFO  tracing is disabled for protocol BSP, to enable tracing of incoming and outgoing JSON messages create an empty file at /home/mplaczek/Documents/Classes/CSC447/Scala/scala-hw/.metals/bsp.trace.json or /home/mplaczek/.cache/metals/bsp.trace.json[0m
2024.04.18 23:46:41 INFO  Attempting to connect to the build server...[0m
2024.04.18 23:46:41 INFO  tracing is disabled for protocol BSP, to enable tracing of incoming and outgoing JSON messages create an empty file at /home/mplaczek/Documents/Classes/CSC447/Scala/scala-hw/project/.metals/bsp.trace.json or /home/mplaczek/.cache/metals/bsp.trace.json[0m
2024.04.18 23:46:41 INFO  time: Connected to build server in 0.22s[0m
2024.04.18 23:46:41 INFO  Connected to Build server: Bloop v1.5.17[0m
2024.04.18 23:46:43 INFO  no build target found for /home/mplaczek/Documents/Classes/CSC447/Scala/scala-hw/src/main/scala/fp1.scala. Using presentation compiler with project's scala-library version: 3.3.3[0m
2024.04.18 23:46:44 WARN  Could not find java sources in /usr/lib/jvm/src.zip, /usr/lib/jvm/lib/src.zip, /usr/lib/jvm/java-17-openjdk/src.zip, /usr/lib/jvm/java-17-openjdk/lib/src.zip. Java symbols will not be available.[0m
2024.04.18 23:46:44 WARN  Could not find java sources in /usr/lib/jvm/src.zip, /usr/lib/jvm/lib/src.zip, /usr/lib/jvm/java-17-openjdk/src.zip, /usr/lib/jvm/java-17-openjdk/lib/src.zip. Java symbols will not be available.[0m
2024.04.18 23:46:44 WARN  Could not find java sources in /usr/lib/jvm/src.zip, /usr/lib/jvm/lib/src.zip, /usr/lib/jvm/java-17-openjdk/src.zip, /usr/lib/jvm/java-17-openjdk/lib/src.zip. Java symbols will not be available.[0m
2024.04.18 23:46:44 INFO  time: indexed workspace in 1.68s[0m
Apr 18, 2024 11:46:44 PM org.eclipse.lsp4j.jsonrpc.RemoteEndpoint handleCancellation
WARNING: Unmatched cancel notification for request id 2
2024.04.18 23:50:39 INFO  Shutting down server[0m
2024.04.18 23:50:39 INFO  shutting down Metals[0m
2024.04.18 23:50:39 INFO  Shut down connection with build server.[0m
2024.04.18 23:50:39 INFO  Shut down connection with build server.[0m
2024.04.18 23:50:39 INFO  Exiting server[0m
2024.04.18 23:50:49 INFO  Started: Metals version 1.3.0 in folders '/home/mplaczek/Documents/Classes/CSC447/Scala/scala-hw' for client Neovim 0.9.5.[0m
SLF4J: Class path contains multiple SLF4J providers.
SLF4J: Found provider [scribe.slf4j.ScribeServiceProvider@1bab81fb]
SLF4J: Found provider [ch.qos.logback.classic.spi.LogbackServiceProvider@79c4b343]
SLF4J: See https://www.slf4j.org/codes.html#multiple_bindings for an explanation.
SLF4J: Actual provider is of type [scribe.slf4j.ScribeServiceProvider@1bab81fb]
2024.04.18 23:50:49 WARN  Flyway upgrade recommended: H2 2.2.224 is newer than this version of Flyway and support has not been tested. The latest supported version of H2 is 2.2.220.[0m
2024.04.18 23:50:49 INFO  Attempting to connect to the build server...[0m
2024.04.18 23:50:49 INFO  tracing is disabled for protocol BSP, to enable tracing of incoming and outgoing JSON messages create an empty file at /home/mplaczek/Documents/Classes/CSC447/Scala/scala-hw/.metals/bsp.trace.json or /home/mplaczek/.cache/metals/bsp.trace.json[0m
2024.04.18 23:50:49 INFO  Attempting to connect to the build server...[0m
2024.04.18 23:50:49 INFO  tracing is disabled for protocol BSP, to enable tracing of incoming and outgoing JSON messages create an empty file at /home/mplaczek/Documents/Classes/CSC447/Scala/scala-hw/project/.metals/bsp.trace.json or /home/mplaczek/.cache/metals/bsp.trace.json[0m
2024.04.18 23:50:49 INFO  time: Connected to build server in 0.21s[0m
2024.04.18 23:50:49 INFO  Connected to Build server: Bloop v1.5.17[0m
2024.04.18 23:50:51 INFO  no build target found for /home/mplaczek/Documents/Classes/CSC447/Scala/scala-hw/src/main/scala/fp1.scala. Using presentation compiler with project's scala-library version: 3.3.3[0m
2024.04.18 23:50:52 WARN  Could not find java sources in /usr/lib/jvm/src.zip, /usr/lib/jvm/lib/src.zip, /usr/lib/jvm/java-17-openjdk/src.zip, /usr/lib/jvm/java-17-openjdk/lib/src.zip. Java symbols will not be available.[0m
2024.04.18 23:50:52 WARN  Could not find java sources in /usr/lib/jvm/src.zip, /usr/lib/jvm/lib/src.zip, /usr/lib/jvm/java-17-openjdk/src.zip, /usr/lib/jvm/java-17-openjdk/lib/src.zip. Java symbols will not be available.[0m
2024.04.18 23:50:52 WARN  Could not find java sources in /usr/lib/jvm/src.zip, /usr/lib/jvm/lib/src.zip, /usr/lib/jvm/java-17-openjdk/src.zip, /usr/lib/jvm/java-17-openjdk/lib/src.zip. Java symbols will not be available.[0m
2024.04.18 23:50:52 INFO  time: indexed workspace in 1.66s[0m
Apr 18, 2024 11:50:53 PM org.eclipse.lsp4j.jsonrpc.RemoteEndpoint handleCancellation
WARNING: Unmatched cancel notification for request id 2
2024.04.18 23:52:07 INFO  Shutting down server[0m
2024.04.18 23:52:07 INFO  shutting down Metals[0m
2024.04.18 23:52:07 INFO  Shut down connection with build server.[0m
2024.04.18 23:52:07 INFO  Shut down connection with build server.[0m
2024.04.18 23:52:07 INFO  Exiting server[0m
2024.04.18 23:56:13 INFO  Started: Metals version 1.3.0 in folders '/home/mplaczek/Documents/Classes/CSC447/Scala/scala-hw' for client Neovim 0.9.5.[0m
SLF4J: Class path contains multiple SLF4J providers.
SLF4J: Found provider [scribe.slf4j.ScribeServiceProvider@4ad8f8d8]
SLF4J: Found provider [ch.qos.logback.classic.spi.LogbackServiceProvider@6aa38972]
SLF4J: See https://www.slf4j.org/codes.html#multiple_bindings for an explanation.
SLF4J: Actual provider is of type [scribe.slf4j.ScribeServiceProvider@4ad8f8d8]
2024.04.18 23:56:13 WARN  Flyway upgrade recommended: H2 2.2.224 is newer than this version of Flyway and support has not been tested. The latest supported version of H2 is 2.2.220.[0m
2024.04.18 23:56:14 INFO  Attempting to connect to the build server...[0m
2024.04.18 23:56:14 INFO  tracing is disabled for protocol BSP, to enable tracing of incoming and outgoing JSON messages create an empty file at /home/mplaczek/Documents/Classes/CSC447/Scala/scala-hw/.metals/bsp.trace.json or /home/mplaczek/.cache/metals/bsp.trace.json[0m
2024.04.18 23:56:14 INFO  Attempting to connect to the build server...[0m
2024.04.18 23:56:14 INFO  tracing is disabled for protocol BSP, to enable tracing of incoming and outgoing JSON messages create an empty file at /home/mplaczek/Documents/Classes/CSC447/Scala/scala-hw/project/.metals/bsp.trace.json or /home/mplaczek/.cache/metals/bsp.trace.json[0m
2024.04.18 23:56:14 INFO  time: Connected to build server in 0.22s[0m
2024.04.18 23:56:14 INFO  Connected to Build server: Bloop v1.5.17[0m
2024.04.18 23:56:16 INFO  no build target found for /home/mplaczek/Documents/Classes/CSC447/Scala/scala-hw/src/main/scala/fp1.scala. Using presentation compiler with project's scala-library version: 3.3.3[0m
2024.04.18 23:56:17 WARN  Could not find java sources in /usr/lib/jvm/src.zip, /usr/lib/jvm/lib/src.zip, /usr/lib/jvm/java-17-openjdk/src.zip, /usr/lib/jvm/java-17-openjdk/lib/src.zip. Java symbols will not be available.[0m
2024.04.18 23:56:17 WARN  Could not find java sources in /usr/lib/jvm/src.zip, /usr/lib/jvm/lib/src.zip, /usr/lib/jvm/java-17-openjdk/src.zip, /usr/lib/jvm/java-17-openjdk/lib/src.zip. Java symbols will not be available.[0m
2024.04.18 23:56:17 WARN  Could not find java sources in /usr/lib/jvm/src.zip, /usr/lib/jvm/lib/src.zip, /usr/lib/jvm/java-17-openjdk/src.zip, /usr/lib/jvm/java-17-openjdk/lib/src.zip. Java symbols will not be available.[0m
2024.04.18 23:56:17 INFO  time: indexed workspace in 1.64s[0m
Apr 18, 2024 11:56:17 PM org.eclipse.lsp4j.jsonrpc.RemoteEndpoint handleCancellation
WARNING: Unmatched cancel notification for request id 2
2024.04.18 23:56:41 INFO  Shutting down server[0m
2024.04.18 23:56:41 INFO  shutting down Metals[0m
2024.04.18 23:56:41 INFO  Shut down connection with build server.[0m
2024.04.18 23:56:41 INFO  Shut down connection with build server.[0m
2024.04.18 23:56:41 INFO  Exiting server[0m
2024.04.18 23:57:40 INFO  Started: Metals version 1.3.0 in folders '/home/mplaczek/Documents/Classes/CSC447/Scala/scala-hw' for client Neovim 0.9.5.[0m
SLF4J: Class path contains multiple SLF4J providers.
SLF4J: Found provider [scribe.slf4j.ScribeServiceProvider@6df74acd]
SLF4J: Found provider [ch.qos.logback.classic.spi.LogbackServiceProvider@c09124f]
SLF4J: See https://www.slf4j.org/codes.html#multiple_bindings for an explanation.
SLF4J: Actual provider is of type [scribe.slf4j.ScribeServiceProvider@6df74acd]
2024.04.18 23:57:40 WARN  Flyway upgrade recommended: H2 2.2.224 is newer than this version of Flyway and support has not been tested. The latest supported version of H2 is 2.2.220.[0m
2024.04.18 23:57:40 INFO  Attempting to connect to the build server...[0m
2024.04.18 23:57:40 INFO  tracing is disabled for protocol BSP, to enable tracing of incoming and outgoing JSON messages create an empty file at /home/mplaczek/Documents/Classes/CSC447/Scala/scala-hw/.metals/bsp.trace.json or /home/mplaczek/.cache/metals/bsp.trace.json[0m
2024.04.18 23:57:40 INFO  Attempting to connect to the build server...[0m
2024.04.18 23:57:40 INFO  tracing is disabled for protocol BSP, to enable tracing of incoming and outgoing JSON messages create an empty file at /home/mplaczek/Documents/Classes/CSC447/Scala/scala-hw/project/.metals/bsp.trace.json or /home/mplaczek/.cache/metals/bsp.trace.json[0m
2024.04.18 23:57:40 INFO  time: Connected to build server in 0.22s[0m
2024.04.18 23:57:40 INFO  Connected to Build server: Bloop v1.5.17[0m
2024.04.18 23:57:42 INFO  no build target found for /home/mplaczek/Documents/Classes/CSC447/Scala/scala-hw/src/main/scala/fp1.scala. Using presentation compiler with project's scala-library version: 3.3.3[0m
2024.04.18 23:57:43 WARN  Could not find java sources in /usr/lib/jvm/src.zip, /usr/lib/jvm/lib/src.zip, /usr/lib/jvm/java-17-openjdk/src.zip, /usr/lib/jvm/java-17-openjdk/lib/src.zip. Java symbols will not be available.[0m
2024.04.18 23:57:43 WARN  Could not find java sources in /usr/lib/jvm/src.zip, /usr/lib/jvm/lib/src.zip, /usr/lib/jvm/java-17-openjdk/src.zip, /usr/lib/jvm/java-17-openjdk/lib/src.zip. Java symbols will not be available.[0m
2024.04.18 23:57:43 WARN  Could not find java sources in /usr/lib/jvm/src.zip, /usr/lib/jvm/lib/src.zip, /usr/lib/jvm/java-17-openjdk/src.zip, /usr/lib/jvm/java-17-openjdk/lib/src.zip. Java symbols will not be available.[0m
2024.04.18 23:57:43 INFO  time: indexed workspace in 1.65s[0m
Apr 18, 2024 11:57:44 PM org.eclipse.lsp4j.jsonrpc.RemoteEndpoint handleCancellation
WARNING: Unmatched cancel notification for request id 2
2024.04.18 23:57:56 INFO  Shutting down server[0m
2024.04.18 23:57:56 INFO  shutting down Metals[0m
2024.04.18 23:57:56 INFO  Shut down connection with build server.[0m
2024.04.18 23:57:56 INFO  Shut down connection with build server.[0m
2024.04.18 23:57:56 INFO  Exiting server[0m
